1510242381940	geckodriver	INFO	geckodriver 0.19.1
1510242381952	geckodriver	INFO	Listening on 127.0.0.1:61520
1510242383186	mozrunner::runner	INFO	Running command: "/Applications/Firefox.app/Contents/MacOS/firefox-bin" "-marionette" "-profile" "/var/folders/px/wzvy5s510qgcq285p8dr_w1h0000gn/T/rust_mozprofile.tGkT3vA0JgLP"
1510242383687	addons.xpi	WARN	Error parsing extensions state: [Exception... "Component returned failure code: 0x80520012 (NS_ERROR_FILE_NOT_FOUND) [amIAddonManagerStartup.readStartupData]"  nsresult: "0x80520012 (NS_ERROR_FILE_NOT_FOUND)"  location: "JS frame :: resource://gre/modules/addons/XPIProvider.jsm :: loadExtensionState :: line 1554"  data: no] Stack trace: loadExtensionState()@resource://gre/modules/addons/XPIProvider.jsm:1554 < getInstallState()@resource://gre/modules/addons/XPIProvider.jsm:1589 < checkForChanges()@resource://gre/modules/addons/XPIProvider.jsm:3109 < startup()@resource://gre/modules/addons/XPIProvider.jsm:2188 < callProvider()@resource://gre/modules/AddonManager.jsm:269 < _startProvider()@resource://gre/modules/AddonManager.jsm:739 < startup()@resource://gre/modules/AddonManager.jsm:906 < startup()@resource://gre/modules/AddonManager.jsm:3090 < observe()@jar:file:///Applications/Firefox.app/Contents/Resources/omni.ja!/components/addonManager.js:65
1510242384465	Marionette	INFO	Enabled via --marionette
2017-11-09 15:46:25.964 plugin-container[19236:703717] *** CFMessagePort: bootstrap_register(): failed 1100 (0x44c) 'Permission denied', port = 0xa23b, name = 'com.apple.tsm.portname'
See /usr/include/servers/bootstrap_defs.h for the error codes.
2017-11-09 15:46:25.965 plugin-container[19236:703717] *** CFMessagePort: bootstrap_register(): failed 1100 (0x44c) 'Permission denied', port = 0xa503, name = 'com.apple.CFPasteboardClient'
See /usr/include/servers/bootstrap_defs.h for the error codes.
1510242386546	Marionette	INFO	Listening on port 61533
1510242386626	Marionette	WARN	TLS certificate errors will be ignored for this session
1510242386664	Marionette	DEBUG	Register listener.js for window 2147483649
1510242386686	Marionette	DEBUG	Received DOM event "beforeunload" for "about:blank"
1510242386712	Marionette	DEBUG	Received DOM event "pagehide" for "about:blank"
1510242386712	Marionette	DEBUG	Received DOM event "unload" for "about:blank"
1510242386717	Marionette	DEBUG	Received DOM event "DOMContentLoaded" for "http://localhost:61519/"
1510242386740	Marionette	DEBUG	Received DOM event "pageshow" for "http://localhost:61519/"
1510242386943	Marionette	INFO	New connections will no longer be accepted
1510408436282	geckodriver	INFO	geckodriver 0.19.1
1510408436293	geckodriver	INFO	Listening on 127.0.0.1:56170
1510408437391	mozrunner::runner	INFO	Running command: "/Applications/Firefox.app/Contents/MacOS/firefox-bin" "-marionette" "-profile" "/var/folders/px/wzvy5s510qgcq285p8dr_w1h0000gn/T/rust_mozprofile.lago7zEzt5hU"
1510408437910	addons.xpi	WARN	Error parsing extensions state: [Exception... "Component returned failure code: 0x80520012 (NS_ERROR_FILE_NOT_FOUND) [amIAddonManagerStartup.readStartupData]"  nsresult: "0x80520012 (NS_ERROR_FILE_NOT_FOUND)"  location: "JS frame :: resource://gre/modules/addons/XPIProvider.jsm :: loadExtensionState :: line 1554"  data: no] Stack trace: loadExtensionState()@resource://gre/modules/addons/XPIProvider.jsm:1554 < getInstallState()@resource://gre/modules/addons/XPIProvider.jsm:1589 < checkForChanges()@resource://gre/modules/addons/XPIProvider.jsm:3109 < startup()@resource://gre/modules/addons/XPIProvider.jsm:2188 < callProvider()@resource://gre/modules/AddonManager.jsm:269 < _startProvider()@resource://gre/modules/AddonManager.jsm:739 < startup()@resource://gre/modules/AddonManager.jsm:906 < startup()@resource://gre/modules/AddonManager.jsm:3090 < observe()@jar:file:///Applications/Firefox.app/Contents/Resources/omni.ja!/components/addonManager.js:65
1510408438314	Marionette	INFO	Enabled via --marionette
2017-11-11 13:53:59.592 plugin-container[24691:1032777] *** CFMessagePort: bootstrap_register(): failed 1100 (0x44c) 'Permission denied', port = 0xa23b, name = 'com.apple.tsm.portname'
See /usr/include/servers/bootstrap_defs.h for the error codes.
2017-11-11 13:53:59.593 plugin-container[24691:1032777] *** CFMessagePort: bootstrap_register(): failed 1100 (0x44c) 'Permission denied', port = 0xa603, name = 'com.apple.CFPasteboardClient'
See /usr/include/servers/bootstrap_defs.h for the error codes.
1510408440200	Marionette	INFO	Listening on port 56183
1510408440270	Marionette	WARN	TLS certificate errors will be ignored for this session
1510408440312	Marionette	DEBUG	Register listener.js for window 2147483649
1510408440330	Marionette	DEBUG	Received DOM event "beforeunload" for "about:blank"
1510408440366	Marionette	DEBUG	Received DOM event "pagehide" for "about:blank"
1510408440366	Marionette	DEBUG	Received DOM event "unload" for "about:blank"
1510408440373	Marionette	DEBUG	Received DOM event "DOMContentLoaded" for "http://localhost:56169/"
1510408440390	Marionette	DEBUG	Received DOM event "pageshow" for "http://localhost:56169/"
1510408440566	Marionette	INFO	New connections will no longer be accepted
